#
# An unexpected error has been detected by Java Runtime Environment:
#
#  Internal Error (434C41535326494C453041525345520E4350500B65), pid=13104, tid=11980
#
# Java VM: Java HotSpot(TM) Client VM (1.6.0_02-b06 mixed mode)
# If you would like to submit a bug report, please visit:
#   http://java.sun.com/webapps/bugreport/crash.jsp
#

---------------  T H R E A D  ---------------

Current thread (0x004c7800):  JavaThread "Unknown thread" [_thread_in_vm, id=11980]

Stack: [0x00390000,0x003e0000)
[error occurred during error reporting, step 110, id 0xc00000fd]

Native frames: (J=compiled Java code, j=interpreted, Vv=VM code, C=native code)
C  [javaw.exe+0xc4fc]
C  [javaw.exe+0x81b5]
C  [kernel32.dll+0x1336a]
C  [ntdll.dll+0x39f72]
C  [ntdll.dll+0x39f45]


---------------  P R O C E S S  ---------------

Java Threads: ( => current thread )

Other Threads:

VM state:not at safepoint (not fully initilizated)

VM Mutex/Monitor currently owned by a thread: None

Heap
 def new generation   total 960K, used 0K [0x04570000, 0x04670000, 0x04a50000)
  eden space 896K,   0% used [0x04570000, 0x04570000, 0x04650000)
  from space 64K,   0% used [0x04650000, 0x04650000, 0x04660000)
  to   space 64K,   0% used [0x04660000, 0x04660000, 0x04670000)
 tenured generation   total 4096K, used 0K [0x04a50000, 0x04e50000, 0x08570000)
   the space 4096K,   0% used [0x04a50000, 0x04a50000, 0x04a50200, 0x04e50000)
 compacting perm gen  total 12288K, used 99K [0x08570000, 0x09170000, 0x0c570000)
   the space 12288K,   0% used [0x08570000, 0x08588d40, 0x08588e00, 0x09170000)
No shared spaces configured.

Dynamic libraries:
0x00400000 - 0x00423000 	C:\Program Files (x86)\Java\jdk1.6.0_02\bin\javaw.exe
0x77a50000 - 0x77bd0000 	C:\Windows\SysWOW64\ntdll.dll
0x76770000 - 0x76880000 	C:\Windows\syswow64\kernel32.dll
0x76f70000 - 0x76fb7000 	C:\Windows\syswow64\KERNELBASE.dll
0x76ed0000 - 0x76f70000 	C:\Windows\syswow64\ADVAPI32.dll
0x76cd0000 - 0x76d7c000 	C:\Windows\syswow64\msvcrt.dll
0x76eb0000 - 0x76ec9000 	C:\Windows\SysWOW64\sechost.dll
0x753d0000 - 0x754c0000 	C:\Windows\syswow64\RPCRT4.dll
0x74ca0000 - 0x74d00000 	C:\Windows\syswow64\SspiCli.dll
0x74c90000 - 0x74c9c000 	C:\Windows\syswow64\CRYPTBASE.dll
0x769e0000 - 0x76ae0000 	C:\Windows\syswow64\USER32.dll
0x76b00000 - 0x76b90000 	C:\Windows\syswow64\GDI32.dll
0x76bc0000 - 0x76bca000 	C:\Windows\syswow64\LPK.dll
0x76520000 - 0x765bd000 	C:\Windows\syswow64\USP10.dll
0x75310000 - 0x75370000 	C:\Windows\system32\IMM32.DLL
0x765e0000 - 0x766ac000 	C:\Windows\syswow64\MSCTF.dll
0x7c340000 - 0x7c396000 	C:\Program Files (x86)\Java\jdk1.6.0_02\jre\bin\msvcr71.dll
0x6d870000 - 0x6dab9000 	C:\Program Files (x86)\Java\jdk1.6.0_02\jre\bin\client\jvm.dll
0x76c90000 - 0x76cc2000 	C:\Windows\syswow64\WINMM.dll
0x72b20000 - 0x72b6c000 	C:\Windows\system32\apphelp.dll
0x6d3c0000 - 0x6d3c8000 	C:\Program Files (x86)\Java\jdk1.6.0_02\jre\bin\hpi.dll
0x76d80000 - 0x76d85000 	C:\Windows\syswow64\PSAPI.DLL
0x6d820000 - 0x6d82c000 	C:\Program Files (x86)\Java\jdk1.6.0_02\jre\bin\verify.dll
0x6d460000 - 0x6d47f000 	C:\Program Files (x86)\Java\jdk1.6.0_02\jre\bin\java.dll
0x6d860000 - 0x6d86f000 	C:\Program Files (x86)\Java\jdk1.6.0_02\jre\bin\zip.dll

VM Arguments:
jvm_args: -Dfile.encoding=GBK -Xbootclasspath:D:\eclipse_plugin_unit\sdk\platforms\android-8\android.jar
java_command: org.jan.kdweather.util.TestWS
Launcher Type: SUN_STANDARD

Environment Variables:
JAVA_HOME=C:\Program Files (x86)\Java\jdk1.6.0_02
CLASSPATH=.
PATH=C:/Program Files (x86)/Java/jdk1.6.0_02/bin/../jre/bin/client;C:/Program Files (x86)/Java/jdk1.6.0_02/bin/../jre/bin;C:/Program Files (x86)/Java/jdk1.6.0_02/bin/../jre/lib/i386;C:\Program Files (x86)\Java\jdk1.6.0_02\bin;C:\Program Files\Common Files\Microsoft Shared\Windows Live;C:\Program Files (x86)\Common Files\Microsoft Shared\Windows Live;C:\Windows\system32;C:\Windows;C:\Windows\System32\Wbem;C:\Windows\System32\WindowsPowerShell\v1.0\;C:\Program Files (x86)\Windows Live\Shared;D:\soft\apache-maven-3.1.1\bin;D:\soft\eclipse_android\adt-bundle-windows-x86-20130729\sdk\tools;D:\soft\eclipse_android\adt-bundle-windows-x86-20130729\sdk\platform-tools;;D:\soft\eclipse;
USERNAME=jan
OS=Windows_NT
PROCESSOR_IDENTIFIER=Intel64 Family 6 Model 42 Stepping 7, GenuineIntel



---------------  S Y S T E M  ---------------

OS: Windows NT 6.1 Build 7601 Service Pack 1

CPU:total 4 (8 cores per cpu, 2 threads per core) family 6 model 10 stepping 7, cmov, cx8, fxsr, mmx, sse, sse2, sse3, ssse3, ht

Memory: 4k page, physical 4194303k(1220460k free), swap 4194303k(4194303k free)

vm_info: Java HotSpot(TM) Client VM (1.6.0_02-b06) for windows-x86, built on Jul 12 2007 01:16:14 by "java_re" with unknown MS VC++:1310

